# JRE version: OpenJDK Runtime Environment (11.0.10) (build 11.0.10+0-b96-7249189)
# Java VM: OpenJDK 64-Bit Server VM (11.0.10+0-b96-7249189, mixed mode, tiered, compressed oops, g1 gc, windows-amd64)
Heap:
 garbage-first heap   total 367616K, used 219011K [0x0000000080000000, 0x0000000100000000)
  region size 1024K, 1 young (1024K), 1 survivors (1024K)
 Metaspace       used 157537K, capacity 164096K, committed 164520K, reserved 1191936K
  class space    used 19583K, capacity 21909K, committed 22092K, reserved 1048576K
GC Heap History (20 events):
Event: 1622.291 GC heap before
{Heap before GC invocations=251 (full 0):
 garbage-first heap   total 306176K, used 257129K [0x0000000080000000, 0x0000000100000000)
  region size 1024K, 35 young (35840K), 1 survivors (1024K)
 Metaspace       used 157279K, capacity 163827K, committed 164264K, reserved 1191936K
  class space    used 19580K, capacity 21905K, committed 22092K, reserved 1048576K
}
Event: 1622.297 GC heap after
{Heap after GC invocations=252 (full 0):
 garbage-first heap   total 306176K, used 225337K [0x0000000080000000, 0x0000000100000000)
  region size 1024K, 2 young (2048K), 2 survivors (2048K)
 Metaspace       used 157279K, capacity 163827K, committed 164264K, reserved 1191936K
  class space    used 19580K, capacity 21905K, committed 22092K, reserved 1048576K
}
Event: 1623.297 GC heap before
{Heap before GC invocations=252 (full 0):
 garbage-first heap   total 306176K, used 266297K [0x0000000080000000, 0x0000000100000000)
  region size 1024K, 41 young (41984K), 2 survivors (2048K)
 Metaspace       used 157295K, capacity 163834K, committed 164264K, reserved 1191936K
  class space    used 19580K, capacity 21905K, committed 22092K, reserved 1048576K
}
Event: 1623.306 GC heap after
{Heap after GC invocations=253 (full 0):
 garbage-first heap   total 306176K, used 225820K [0x0000000080000000, 0x0000000100000000)
  region size 1024K, 2 young (2048K), 2 survivors (2048K)
 Metaspace       used 157295K, capacity 163834K, committed 164264K, reserved 1191936K
  class space    used 19580K, capacity 21905K, committed 22092K, reserved 1048576K
}
Event: 1623.913 GC heap before
{Heap before GC invocations=254 (full 0):
 garbage-first heap   total 306176K, used 264732K [0x0000000080000000, 0x0000000100000000)
  region size 1024K, 41 young (41984K), 2 survivors (2048K)
 Metaspace       used 157299K, capacity 163834K, committed 164264K, reserved 1191936K
  class space    used 19580K, capacity 21905K, committed 22092K, reserved 1048576K
}
Event: 1623.922 GC heap after
{Heap after GC invocations=255 (full 0):
 garbage-first heap   total 306176K, used 224667K [0x0000000080000000, 0x0000000100000000)
  region size 1024K, 2 young (2048K), 2 survivors (2048K)
 Metaspace       used 157299K, capacity 163834K, committed 164264K, reserved 1191936K
  class space    used 19580K, capacity 21905K, committed 22092K, reserved 1048576K
}
Event: 1624.047 GC heap before
{Heap before GC invocations=255 (full 0):
 garbage-first heap   total 306176K, used 235931K [0x0000000080000000, 0x0000000100000000)
  region size 1024K, 14 young (14336K), 2 survivors (2048K)
 Metaspace       used 157302K, capacity 163834K, committed 164264K, reserved 1191936K
  class space    used 19580K, capacity 21905K, committed 22092K, reserved 1048576K
}
Event: 1624.077 GC heap after
{Heap after GC invocations=256 (full 0):
 garbage-first heap   total 306176K, used 223004K [0x0000000080000000, 0x0000000100000000)
  region size 1024K, 2 young (2048K), 2 survivors (2048K)
 Metaspace       used 157302K, capacity 163834K, committed 164264K, reserved 1191936K
  class space    used 19580K, capacity 21905K, committed 22092K, reserved 1048576K
}
Event: 1624.499 GC heap before
{Heap before GC invocations=256 (full 0):
 garbage-first heap   total 306176K, used 266012K [0x0000000080000000, 0x0000000100000000)
  region size 1024K, 44 young (45056K), 2 survivors (2048K)
 Metaspace       used 157308K, capacity 163834K, committed 164264K, reserved 1191936K
  class space    used 19580K, capacity 21905K, committed 22092K, reserved 1048576K
}
Event: 1624.507 GC heap after
{Heap after GC invocations=257 (full 0):
 garbage-first heap   total 306176K, used 223249K [0x0000000080000000, 0x0000000100000000)
  region size 1024K, 2 young (2048K), 2 survivors (2048K)
 Metaspace       used 157308K, capacity 163834K, committed 164264K, reserved 1191936K
  class space    used 19580K, capacity 21905K, committed 22092K, reserved 1048576K
}
Event: 1624.906 GC heap before
{Heap before GC invocations=257 (full 0):
 garbage-first heap   total 306176K, used 266257K [0x0000000080000000, 0x0000000100000000)
  region size 1024K, 44 young (45056K), 2 survivors (2048K)
 Metaspace       used 157308K, capacity 163834K, committed 164264K, reserved 1191936K
  class space    used 19580K, capacity 21905K, committed 22092K, reserved 1048576K
}
Event: 1624.912 GC heap after
{Heap after GC invocations=258 (full 0):
 garbage-first heap   total 306176K, used 223612K [0x0000000080000000, 0x0000000100000000)
  region size 1024K, 2 young (2048K), 2 survivors (2048K)
 Metaspace       used 157308K, capacity 163834K, committed 164264K, reserved 1191936K
  class space    used 19580K, capacity 21905K, committed 22092K, reserved 1048576K
}
Event: 1625.410 GC heap before
{Heap before GC invocations=258 (full 0):
 garbage-first heap   total 306176K, used 267644K [0x0000000080000000, 0x0000000100000000)
  region size 1024K, 45 young (46080K), 2 survivors (2048K)
 Metaspace       used 157318K, capacity 163845K, committed 164264K, reserved 1191936K
  class space    used 19583K, capacity 21909K, committed 22092K, reserved 1048576K
}
Event: 1625.419 GC heap after
{Heap after GC invocations=259 (full 0):
 garbage-first heap   total 306176K, used 223781K [0x0000000080000000, 0x0000000100000000)
  region size 1024K, 2 young (2048K), 2 survivors (2048K)
 Metaspace       used 157318K, capacity 163845K, committed 164264K, reserved 1191936K
  class space    used 19583K, capacity 21909K, committed 22092K, reserved 1048576K
}
Event: 1626.364 GC heap before
{Heap before GC invocations=259 (full 0):
 garbage-first heap   total 306176K, used 268837K [0x0000000080000000, 0x0000000100000000)
  region size 1024K, 46 young (47104K), 2 survivors (2048K)
 Metaspace       used 157321K, capacity 163846K, committed 164264K, reserved 1191936K
  class space    used 19583K, capacity 21909K, committed 22092K, reserved 1048576K
}
Event: 1626.378 GC heap after
{Heap after GC invocations=260 (full 0):
 garbage-first heap   total 306176K, used 223902K [0x0000000080000000, 0x0000000100000000)
  region size 1024K, 2 young (2048K), 2 survivors (2048K)
 Metaspace       used 157321K, capacity 163846K, committed 164264K, reserved 1191936K
  class space    used 19583K, capacity 21909K, committed 22092K, reserved 1048576K
}
Event: 1627.102 GC heap before
{Heap before GC invocations=261 (full 0):
 garbage-first heap   total 306176K, used 268958K [0x0000000080000000, 0x0000000100000000)
  region size 1024K, 46 young (47104K), 2 survivors (2048K)
 Metaspace       used 157327K, capacity 163910K, committed 164264K, reserved 1191936K
  class space    used 19583K, capacity 21909K, committed 22092K, reserved 1048576K
}
Event: 1627.112 GC heap after
{Heap after GC invocations=262 (full 0):
 garbage-first heap   total 306176K, used 224261K [0x0000000080000000, 0x0000000100000000)
  region size 1024K, 3 young (3072K), 3 survivors (3072K)
 Metaspace       used 157327K, capacity 163910K, committed 164264K, reserved 1191936K
  class space    used 19583K, capacity 21909K, committed 22092K, reserved 1048576K
}
Event: 1627.211 GC heap before
{Heap before GC invocations=262 (full 0):
 garbage-first heap   total 306176K, used 235525K [0x0000000080000000, 0x0000000100000000)
  region size 1024K, 14 young (14336K), 3 survivors (3072K)
 Metaspace       used 157328K, capacity 163910K, committed 164264K, reserved 1191936K
  class space    used 19583K, capacity 21909K, committed 22092K, reserved 1048576K
}
Event: 1627.237 GC heap after
{Heap after GC invocations=263 (full 0):
 garbage-first heap   total 306176K, used 220518K [0x0000000080000000, 0x0000000100000000)
  region size 1024K, 1 young (1024K), 1 survivors (1024K)
 Metaspace       used 157328K, capacity 163910K, committed 164264K, reserved 1191936K
  class space    used 19583K, capacity 21909K, committed 22092K, reserved 1048576K
}

